2018-05-10 15:27:25,566 - DEBUG - main - Starting...
2018-05-10 15:27:32,150 - DEBUG - main - Completed. Time taken: 0:00:06.584022
2018-05-10 15:27:46,107 - DEBUG - main - Starting...
2018-05-10 15:28:33,510 - DEBUG - main - Completed. Time taken: 0:00:47.402867
2018-05-10 15:29:06,873 - DEBUG - main - Starting...
2018-05-10 15:29:12,115 - DEBUG - main - Completed. Time taken: 0:00:05.241895
2018-05-10 15:30:21,188 - DEBUG - main - Starting...
2018-05-10 15:30:26,339 - DEBUG - main - Completed. Time taken: 0:00:05.151026
2018-05-10 15:31:55,081 - DEBUG - main - Starting...
2018-05-10 15:31:55,090 - DEBUG - sessions - Fetching: GET https://oauth.reddit.com/r/pics/top
2018-05-10 15:31:55,090 - DEBUG - sessions - Data: None
2018-05-10 15:31:55,090 - DEBUG - sessions - Params: {'t': 'all', 'limit': 25, 'raw_json': 1}
2018-05-10 15:31:55,622 - DEBUG - sessions - Response: 200 (15028 bytes)
2018-05-10 15:31:59,475 - ERROR - downloadimages - <urlopen error [Errno 11001] getaddrinfo failed> at URL: https://i.sli.mg/mwl3jS.jpg
2018-05-10 15:32:00,136 - DEBUG - main - Completed. Time taken: 0:00:05.054942
2018-05-10 15:33:53,683 - DEBUG - main - Starting...
2018-05-10 15:33:53,689 - DEBUG - sessions - Fetching: GET https://oauth.reddit.com/r/pics/top
2018-05-10 15:33:53,689 - DEBUG - sessions - Data: None
2018-05-10 15:33:53,689 - DEBUG - sessions - Params: {'t': 'all', 'limit': 25, 'raw_json': 1}
2018-05-10 15:33:54,299 - DEBUG - sessions - Response: 200 (15040 bytes)
2018-05-10 15:33:58,494 - ERROR - downloadimages - <urlopen error [Errno 11001] getaddrinfo failed> at URL: https://i.sli.mg/mwl3jS.jpg
2018-05-10 15:33:59,394 - DEBUG - main - Completed. Time taken: 0:00:05.710982
